<?xml version="1.0" encoding="utf-8"?><testsuites name="pytest tests"><testsuite name="pytest" errors="0" failures="0" skipped="0" tests="21" time="34.067" timestamp="2025-12-24T20:22:02.691810+00:00" hostname="3d88d89257f0"><testcase classname="tests.smoke.test_critical_navigation.TestNavigationLinks" name="test_about_link_scrolls_to_section[chromium]" time="3.550" /><testcase classname="tests.smoke.test_critical_navigation.TestNavigationLinks" name="test_brand_link_goes_home[chromium]" time="1.639" /><testcase classname="tests.smoke.test_critical_navigation.TestKeyboardNavigation" name="test_can_tab_to_nav_links[chromium]" time="1.559" /><testcase classname="tests.smoke.test_critical_navigation.TestNavigationLinks" name="test_contact_link_scrolls_to_section[chromium]" time="2.836" /><testcase classname="tests.smoke.test_site_loads.TestSiteLoads" name="test_featured_project_alpine_presentation_loads[chromium]" time="0.838" /><testcase classname="tests.smoke.test_site_loads.TestSiteLoads" name="test_featured_project_alpine_resume_loads[chromium]" time="1.234" /><testcase classname="tests.smoke.test_site_loads.TestCriticalContent" name="test_homepage_has_about_section[chromium]" time="1.629" /><testcase classname="tests.smoke.test_site_loads.TestCriticalContent" name="test_homepage_has_contact_section[chromium]" time="1.432" /><testcase classname="tests.smoke.test_site_loads.TestCriticalContent" name="test_homepage_has_name[chromium]" time="1.491" /><testcase classname="tests.smoke.test_site_loads.TestCriticalContent" name="test_homepage_has_navigation[chromium]" time="1.524" /><testcase classname="tests.smoke.test_site_loads.TestCriticalContent" name="test_homepage_has_projects_section[chromium]" time="1.460" /><testcase classname="tests.smoke.test_site_loads.TestSiteLoads" name="test_homepage_loads[chromium]" time="1.545" /><testcase classname="tests.smoke.test_site_loads.TestNoConsoleErrors" name="test_homepage_no_console_errors[chromium]" time="1.829" /><testcase classname="tests.smoke.test_critical_navigation.TestNavigationVisible" name="test_navigation_visible_on_page[chromium-/-Homepage]" time="1.418" /><testcase classname="tests.smoke.test_critical_navigation.TestNavigationVisible" name="test_navigation_visible_on_page[chromium-/projects/-Projects page]" time="1.346" /><testcase classname="tests.smoke.test_critical_navigation.TestNavigationLinks" name="test_projects_link_scrolls_to_section[chromium]" time="1.976" /><testcase classname="tests.smoke.test_site_loads.TestSiteLoads" name="test_projects_page_loads[chromium]" time="1.272" /><testcase classname="tests.smoke.test_site_loads.TestNoConsoleErrors" name="test_projects_page_no_console_errors[chromium]" time="1.735" /><testcase classname="tests.smoke.test_critical_navigation.TestNavigationLinks" name="test_resume_link_opens_resume[chromium]" time="1.385" /><testcase classname="tests.smoke.test_site_loads.TestSiteLoads" name="test_resume_page_loads[chromium]" time="0.712" /><testcase classname="tests.smoke.test_critical_navigation.TestKeyboardNavigation" name="test_skip_link_exists[chromium]" time="1.553" /></testsuite></testsuites>