<?xml version="1.0" encoding="utf-8"?><testsuites name="pytest tests"><testsuite name="pytest" errors="0" failures="0" skipped="0" tests="21" time="43.769" timestamp="2025-12-30T18:36:49.103015+00:00" hostname="3d88d89257f0"><testcase classname="tests.smoke.test_critical_navigation.TestNavigationLinks" name="test_about_link_scrolls_to_section[chromium]" time="3.821" /><testcase classname="tests.smoke.test_critical_navigation.TestNavigationLinks" name="test_brand_link_goes_home[chromium]" time="1.899" /><testcase classname="tests.smoke.test_critical_navigation.TestKeyboardNavigation" name="test_can_tab_to_nav_links[chromium]" time="1.891" /><testcase classname="tests.smoke.test_critical_navigation.TestNavigationLinks" name="test_contact_link_scrolls_to_section[chromium]" time="3.230" /><testcase classname="tests.smoke.test_site_loads.TestSiteLoads" name="test_featured_project_alpine_presentation_loads[chromium]" time="2.081" /><testcase classname="tests.smoke.test_site_loads.TestSiteLoads" name="test_featured_project_alpine_resume_loads[chromium]" time="1.361" /><testcase classname="tests.smoke.test_site_loads.TestCriticalContent" name="test_homepage_has_about_section[chromium]" time="1.855" /><testcase classname="tests.smoke.test_site_loads.TestCriticalContent" name="test_homepage_has_contact_section[chromium]" time="2.075" /><testcase classname="tests.smoke.test_site_loads.TestCriticalContent" name="test_homepage_has_name[chromium]" time="1.745" /><testcase classname="tests.smoke.test_site_loads.TestCriticalContent" name="test_homepage_has_navigation[chromium]" time="1.871" /><testcase classname="tests.smoke.test_site_loads.TestCriticalContent" name="test_homepage_has_projects_section[chromium]" time="1.825" /><testcase classname="tests.smoke.test_site_loads.TestSiteLoads" name="test_homepage_loads[chromium]" time="1.649" /><testcase classname="tests.smoke.test_site_loads.TestNoConsoleErrors" name="test_homepage_no_console_errors[chromium]" time="1.966" /><testcase classname="tests.smoke.test_critical_navigation.TestNavigationVisible" name="test_navigation_visible_on_page[chromium-/-Homepage]" time="1.956" /><testcase classname="tests.smoke.test_critical_navigation.TestNavigationVisible" name="test_navigation_visible_on_page[chromium-/projects/-Projects page]" time="1.660" /><testcase classname="tests.smoke.test_critical_navigation.TestNavigationLinks" name="test_projects_link_scrolls_to_section[chromium]" time="3.184" /><testcase classname="tests.smoke.test_site_loads.TestSiteLoads" name="test_projects_page_loads[chromium]" time="1.685" /><testcase classname="tests.smoke.test_site_loads.TestNoConsoleErrors" name="test_projects_page_no_console_errors[chromium]" time="2.197" /><testcase classname="tests.smoke.test_critical_navigation.TestNavigationLinks" name="test_resume_link_opens_resume[chromium]" time="2.576" /><testcase classname="tests.smoke.test_site_loads.TestSiteLoads" name="test_resume_page_loads[chromium]" time="0.996" /><testcase classname="tests.smoke.test_critical_navigation.TestKeyboardNavigation" name="test_skip_link_exists[chromium]" time="2.164" /></testsuite></testsuites>