<?xml version="1.0" encoding="utf-8"?><testsuites name="pytest tests"><testsuite name="pytest" errors="0" failures="3" skipped="0" tests="21" time="48.273" timestamp="2025-12-24T19:14:47.954169+00:00" hostname="8998ae603b33"><testcase classname="tests.smoke.test_critical_navigation.TestNavigationLinks" name="test_about_link_scrolls_to_section[chromium]" time="3.307" /><testcase classname="tests.smoke.test_critical_navigation.TestNavigationLinks" name="test_brand_link_goes_home[chromium]" time="6.880"><failure message="AssertionError: Page URL expected to be 'http://localhost:8000/'&#10;Actual value: http://localhost:8000/index.html &#10;Call log:&#10;  - Expect &quot;to_have_url&quot; with timeout 5000ms&#10;    9 × unexpected value &quot;http://localhost:8000/index.html&quot;">tests/smoke/test_critical_navigation.py:53: in test_brand_link_goes_home
    expect(page).to_have_url(f"{base_url}/")
E   AssertionError: Page URL expected to be 'http://localhost:8000/'
E   Actual value: http://localhost:8000/index.html 
E   Call log:
E     - Expect "to_have_url" with timeout 5000ms
E       9 × unexpected value "http://localhost:8000/index.html"</failure></testcase><testcase classname="tests.smoke.test_critical_navigation.TestKeyboardNavigation" name="test_can_tab_to_nav_links[chromium]" time="2.020" /><testcase classname="tests.smoke.test_critical_navigation.TestNavigationLinks" name="test_contact_link_scrolls_to_section[chromium]" time="2.479" /><testcase classname="tests.smoke.test_site_loads.TestSiteLoads" name="test_featured_project_alpine_presentation_loads[chromium]" time="0.846" /><testcase classname="tests.smoke.test_site_loads.TestSiteLoads" name="test_featured_project_alpine_resume_loads[chromium]" time="1.289" /><testcase classname="tests.smoke.test_site_loads.TestCriticalContent" name="test_homepage_has_about_section[chromium]" time="1.590" /><testcase classname="tests.smoke.test_site_loads.TestCriticalContent" name="test_homepage_has_contact_section[chromium]" time="1.679" /><testcase classname="tests.smoke.test_site_loads.TestCriticalContent" name="test_homepage_has_name[chromium]" time="1.682" /><testcase classname="tests.smoke.test_site_loads.TestCriticalContent" name="test_homepage_has_navigation[chromium]" time="1.655" /><testcase classname="tests.smoke.test_site_loads.TestCriticalContent" name="test_homepage_has_projects_section[chromium]" time="1.724" /><testcase classname="tests.smoke.test_site_loads.TestSiteLoads" name="test_homepage_loads[chromium]" time="6.672"><failure message="AssertionError: Page title expected to be 'William Claytor'&#10;Actual value: William Claytor - Senior Software Engineer | Over 25 Years Experience in QA &amp; Test Automation &#10;Call log:&#10;  - Expect &quot;to_have_title&quot; with timeout 5000ms&#10;    9 × unexpected value &quot;William Claytor - Senior Software Engineer | Over 25 Years Experience in QA &amp; Test Automation&quot;">tests/smoke/test_site_loads.py:40: in test_homepage_loads
    expect(page).to_have_title(TestData.HOME_PAGE_TITLE_CONTAINS, timeout=5000)
E   AssertionError: Page title expected to be 'William Claytor'
E   Actual value: William Claytor - Senior Software Engineer | Over 25 Years Experience in QA &amp; Test Automation 
E   Call log:
E     - Expect "to_have_title" with timeout 5000ms
E       9 × unexpected value "William Claytor - Senior Software Engineer | Over 25 Years Experience in QA &amp; Test Automation"</failure></testcase><testcase classname="tests.smoke.test_site_loads.TestNoConsoleErrors" name="test_homepage_no_console_errors[chromium]" time="2.348" /><testcase classname="tests.smoke.test_critical_navigation.TestNavigationVisible" name="test_navigation_visible_on_page[chromium-/-Homepage]" time="1.577" /><testcase classname="tests.smoke.test_critical_navigation.TestNavigationVisible" name="test_navigation_visible_on_page[chromium-/projects/-Projects page]" time="1.390" /><testcase classname="tests.smoke.test_critical_navigation.TestNavigationLinks" name="test_projects_link_scrolls_to_section[chromium]" time="2.231" /><testcase classname="tests.smoke.test_site_loads.TestSiteLoads" name="test_projects_page_loads[chromium]" time="1.472" /><testcase classname="tests.smoke.test_site_loads.TestNoConsoleErrors" name="test_projects_page_no_console_errors[chromium]" time="1.823" /><testcase classname="tests.smoke.test_critical_navigation.TestNavigationLinks" name="test_resume_link_opens_resume[chromium]" time="1.646"><failure message="playwright._impl._errors.Error: Locator.click: Error: strict mode violation: get_by_role(&quot;link&quot;, name=&quot;Resume&quot;) resolved to 5 elements:&#10;    1) &lt;a class=&quot;nav-link&quot; href=&quot;assets/resume/william_claytor_resume.html&quot;&gt;Resume&lt;/a&gt; aka get_by_role(&quot;link&quot;, name=&quot;Resume&quot;, exact=True)&#10;    2) &lt;a class=&quot;btn btn-outline-light btn-lg&quot; href=&quot;assets/resume/william_claytor_resume.html&quot;&gt;…&lt;/a&gt; aka get_by_role(&quot;link&quot;, name=&quot;View Full Resume&quot;)&#10;    3) &lt;a class=&quot;text-decoration-none&quot; href=&quot;projects/alpine-resume/releases/20251214/index.html&quot;&gt;…&lt;/a&gt; aka get_by_role(&quot;link&quot;, name=&quot;Alpine Resume&quot;)&#10;    4) &lt;a class=&quot;text-decoration-none&quot; href=&quot;projects/dynamic-resume/releases/v2.3/william_claytor_resume.html&quot;&gt;…&lt;/a&gt; aka get_by_role(&quot;link&quot;, name=&quot;Dynamic Resume&quot;)&#10;    5) &lt;a class=&quot;btn btn-outline-warning btn-sm text-dark&quot; href=&quot;projects/dynamic-resume/releases/v2.3/william_claytor_resume.html&quot;&gt;…&lt;/a&gt; aka get_by_role(&quot;link&quot;, name=&quot;View Resume&quot;)&#10;&#10;Call log:&#10;  - waiting for get_by_role(&quot;link&quot;, name=&quot;Resume&quot;)">tests/smoke/test_critical_navigation.py:96: in test_resume_link_opens_resume
    page.get_by_role("link", name="Resume").click()
.venv/lib/python3.12/site-packages/playwright/sync_api/_generated.py:15637: in click
    self._sync(
.venv/lib/python3.12/site-packages/playwright/_impl/_locator.py:162: in click
    return await self._frame._click(self._selector, strict=True, **params)
           ^^^^^^^^^^^^^^^^^^^^^^^^^^^^^^^^^^^^^^^^^^^^^^^^^^^^^^^^^^^^^^^
.venv/lib/python3.12/site-packages/playwright/_impl/_frame.py:566: in _click
    await self._channel.send("click", self._timeout, locals_to_params(locals()))
.venv/lib/python3.12/site-packages/playwright/_impl/_connection.py:69: in send
    return await self._connection.wrap_api_call(
.venv/lib/python3.12/site-packages/playwright/_impl/_connection.py:559: in wrap_api_call
    raise rewrite_error(error, f"{parsed_st['apiName']}: {error}") from None
E   playwright._impl._errors.Error: Locator.click: Error: strict mode violation: get_by_role("link", name="Resume") resolved to 5 elements:
E       1) &lt;a class="nav-link" href="assets/resume/william_claytor_resume.html"&gt;Resume&lt;/a&gt; aka get_by_role("link", name="Resume", exact=True)
E       2) &lt;a class="btn btn-outline-light btn-lg" href="assets/resume/william_claytor_resume.html"&gt;…&lt;/a&gt; aka get_by_role("link", name="View Full Resume")
E       3) &lt;a class="text-decoration-none" href="projects/alpine-resume/releases/20251214/index.html"&gt;…&lt;/a&gt; aka get_by_role("link", name="Alpine Resume")
E       4) &lt;a class="text-decoration-none" href="projects/dynamic-resume/releases/v2.3/william_claytor_resume.html"&gt;…&lt;/a&gt; aka get_by_role("link", name="Dynamic Resume")
E       5) &lt;a class="btn btn-outline-warning btn-sm text-dark" href="projects/dynamic-resume/releases/v2.3/william_claytor_resume.html"&gt;…&lt;/a&gt; aka get_by_role("link", name="View Resume")
E   
E   Call log:
E     - waiting for get_by_role("link", name="Resume")</failure></testcase><testcase classname="tests.smoke.test_site_loads.TestSiteLoads" name="test_resume_page_loads[chromium]" time="0.744" /><testcase classname="tests.smoke.test_critical_navigation.TestKeyboardNavigation" name="test_skip_link_exists[chromium]" time="1.717" /></testsuite></testsuites>