<?xml version="1.0" encoding="utf-8"?><testsuites name="pytest tests"><testsuite name="pytest" errors="0" failures="0" skipped="0" tests="21" time="54.924" timestamp="2025-12-30T18:28:23.561235+00:00" hostname="3d88d89257f0"><testcase classname="tests.smoke.test_critical_navigation.TestNavigationLinks" name="test_about_link_scrolls_to_section[chromium]" time="6.200" /><testcase classname="tests.smoke.test_critical_navigation.TestNavigationLinks" name="test_brand_link_goes_home[chromium]" time="3.047" /><testcase classname="tests.smoke.test_critical_navigation.TestKeyboardNavigation" name="test_can_tab_to_nav_links[chromium]" time="2.453" /><testcase classname="tests.smoke.test_critical_navigation.TestNavigationLinks" name="test_contact_link_scrolls_to_section[chromium]" time="4.732" /><testcase classname="tests.smoke.test_site_loads.TestSiteLoads" name="test_featured_project_alpine_presentation_loads[chromium]" time="1.871" /><testcase classname="tests.smoke.test_site_loads.TestSiteLoads" name="test_featured_project_alpine_resume_loads[chromium]" time="2.302" /><testcase classname="tests.smoke.test_site_loads.TestCriticalContent" name="test_homepage_has_about_section[chromium]" time="3.028" /><testcase classname="tests.smoke.test_site_loads.TestCriticalContent" name="test_homepage_has_contact_section[chromium]" time="2.732" /><testcase classname="tests.smoke.test_site_loads.TestCriticalContent" name="test_homepage_has_name[chromium]" time="2.718" /><testcase classname="tests.smoke.test_site_loads.TestCriticalContent" name="test_homepage_has_navigation[chromium]" time="2.502" /><testcase classname="tests.smoke.test_site_loads.TestCriticalContent" name="test_homepage_has_projects_section[chromium]" time="2.146" /><testcase classname="tests.smoke.test_site_loads.TestSiteLoads" name="test_homepage_loads[chromium]" time="2.208" /><testcase classname="tests.smoke.test_site_loads.TestNoConsoleErrors" name="test_homepage_no_console_errors[chromium]" time="2.771" /><testcase classname="tests.smoke.test_critical_navigation.TestNavigationVisible" name="test_navigation_visible_on_page[chromium-/-Homepage]" time="2.058" /><testcase classname="tests.smoke.test_critical_navigation.TestNavigationVisible" name="test_navigation_visible_on_page[chromium-/projects/-Projects page]" time="1.549" /><testcase classname="tests.smoke.test_critical_navigation.TestNavigationLinks" name="test_projects_link_scrolls_to_section[chromium]" time="2.779" /><testcase classname="tests.smoke.test_site_loads.TestSiteLoads" name="test_projects_page_loads[chromium]" time="1.467" /><testcase classname="tests.smoke.test_site_loads.TestNoConsoleErrors" name="test_projects_page_no_console_errors[chromium]" time="1.987" /><testcase classname="tests.smoke.test_critical_navigation.TestNavigationLinks" name="test_resume_link_opens_resume[chromium]" time="1.692" /><testcase classname="tests.smoke.test_site_loads.TestSiteLoads" name="test_resume_page_loads[chromium]" time="1.016" /><testcase classname="tests.smoke.test_critical_navigation.TestKeyboardNavigation" name="test_skip_link_exists[chromium]" time="3.537" /></testsuite></testsuites>